# JRE version: Java(TM) SE Runtime Environment (21.0.8+12) (build 21.0.8+12-LTS-250)
# Java VM: Java HotSpot(TM) 64-Bit Server VM (21.0.8+12-LTS-250, mixed mode, sharing, tiered, compressed oops, compressed class ptrs, g1 gc, windows-amd64)
GC Precious Log:
 CardTable entry size: 512
 Card Set container configuration: InlinePtr #cards 5 size 8 Array Of Cards #cards 12 size 40 Howl #buckets 4 coarsen threshold 1843 Howl Bitmap #cards 512 size 80 coarsen threshold 460 Card regions per heap region 1 cards per card region 2048
 CPUs: 12 total, 12 available
 Memory: 24351M
 Large Page Support: Disabled
 NUMA Support: Disabled
 Compressed Oops: Enabled (32-bit)
 Heap Region Size: 1M
 Heap Min Capacity: 256M
 Heap Initial Capacity: 256M
 Heap Max Capacity: 512M
 Pre-touch: Disabled
 Parallel Workers: 10
 Concurrent Workers: 3
 Concurrent Refinement Workers: 10
 Periodic GC: Disabled
Heap:
 garbage-first heap   total 262144K, used 185544K [0x00000000e0000000, 0x0000000100000000)
  region size 1024K, 122 young (124928K), 12 survivors (12288K)
 Metaspace       used 79188K, committed 81600K, reserved 458752K
  class space    used 10903K, committed 12096K, reserved 327680K
GC Heap History (20 events):
Event: 1.337 GC heap before
{Heap before GC invocations=2 (full 0):
 garbage-first heap   total 262144K, used 62089K [0x00000000e0000000, 0x0000000100000000)
  region size 1024K, 53 young (54272K), 5 survivors (5120K)
 Metaspace       used 5579K, committed 5760K, reserved 393216K
  class space    used 737K, committed 832K, reserved 327680K
}
Event: 1.343 GC heap after
{Heap after GC invocations=3 (full 0):
 garbage-first heap   total 262144K, used 17012K [0x00000000e0000000, 0x0000000100000000)
  region size 1024K, 5 young (5120K), 5 survivors (5120K)
 Metaspace       used 5579K, committed 5760K, reserved 393216K
  class space    used 737K, committed 832K, reserved 327680K
}
Event: 3.317 GC heap before
{Heap before GC invocations=3 (full 0):
 garbage-first heap   total 262144K, used 108148K [0x00000000e0000000, 0x0000000100000000)
  region size 1024K, 95 young (97280K), 5 survivors (5120K)
 Metaspace       used 20840K, committed 21504K, reserved 393216K
  class space    used 2991K, committed 3328K, reserved 327680K
}
Event: 3.326 GC heap after
{Heap after GC invocations=4 (full 0):
 garbage-first heap   total 262144K, used 24240K [0x00000000e0000000, 0x0000000100000000)
  region size 1024K, 12 young (12288K), 12 survivors (12288K)
 Metaspace       used 20840K, committed 21504K, reserved 393216K
  class space    used 2991K, committed 3328K, reserved 327680K
}
Event: 5.037 GC heap before
{Heap before GC invocations=5 (full 0):
 garbage-first heap   total 262144K, used 133808K [0x00000000e0000000, 0x0000000100000000)
  region size 1024K, 116 young (118784K), 12 survivors (12288K)
 Metaspace       used 34931K, committed 35968K, reserved 393216K
  class space    used 4796K, committed 5312K, reserved 327680K
}
Event: 5.049 GC heap after
{Heap after GC invocations=6 (full 0):
 garbage-first heap   total 262144K, used 32527K [0x00000000e0000000, 0x0000000100000000)
  region size 1024K, 16 young (16384K), 16 survivors (16384K)
 Metaspace       used 34931K, committed 35968K, reserved 393216K
  class space    used 4796K, committed 5312K, reserved 327680K
}
Event: 5.105 GC heap before
{Heap before GC invocations=6 (full 0):
 garbage-first heap   total 262144K, used 35599K [0x00000000e0000000, 0x0000000100000000)
  region size 1024K, 20 young (20480K), 16 survivors (16384K)
 Metaspace       used 35213K, committed 36288K, reserved 393216K
  class space    used 4824K, committed 5376K, reserved 327680K
}
Event: 5.113 GC heap after
{Heap after GC invocations=7 (full 0):
 garbage-first heap   total 262144K, used 32685K [0x00000000e0000000, 0x0000000100000000)
  region size 1024K, 9 young (9216K), 9 survivors (9216K)
 Metaspace       used 35213K, committed 36288K, reserved 393216K
  class space    used 4824K, committed 5376K, reserved 327680K
}
Event: 5.161 GC heap before
{Heap before GC invocations=7 (full 0):
 garbage-first heap   total 262144K, used 35757K [0x00000000e0000000, 0x0000000100000000)
  region size 1024K, 13 young (13312K), 9 survivors (9216K)
 Metaspace       used 35515K, committed 36608K, reserved 393216K
  class space    used 4875K, committed 5440K, reserved 327680K
}
Event: 5.165 GC heap after
{Heap after GC invocations=8 (full 0):
 garbage-first heap   total 262144K, used 32574K [0x00000000e0000000, 0x0000000100000000)
  region size 1024K, 9 young (9216K), 9 survivors (9216K)
 Metaspace       used 35515K, committed 36608K, reserved 393216K
  class space    used 4875K, committed 5440K, reserved 327680K
}
Event: 7.653 GC heap before
{Heap before GC invocations=9 (full 0):
 garbage-first heap   total 262144K, used 181054K [0x00000000e0000000, 0x0000000100000000)
  region size 1024K, 153 young (156672K), 9 survivors (9216K)
 Metaspace       used 48034K, committed 49600K, reserved 393216K
  class space    used 6851K, committed 7616K, reserved 327680K
}
Event: 7.664 GC heap after
{Heap after GC invocations=10 (full 0):
 garbage-first heap   total 262144K, used 44620K [0x00000000e0000000, 0x0000000100000000)
  region size 1024K, 19 young (19456K), 19 survivors (19456K)
 Metaspace       used 48034K, committed 49600K, reserved 393216K
  class space    used 6851K, committed 7616K, reserved 327680K
}
Event: 10.152 GC heap before
{Heap before GC invocations=10 (full 0):
 garbage-first heap   total 262144K, used 173644K [0x00000000e0000000, 0x0000000100000000)
  region size 1024K, 145 young (148480K), 19 survivors (19456K)
 Metaspace       used 59257K, committed 61120K, reserved 393216K
  class space    used 8344K, committed 9280K, reserved 327680K
}
Event: 10.165 GC heap after
{Heap after GC invocations=11 (full 0):
 garbage-first heap   total 262144K, used 52340K [0x00000000e0000000, 0x0000000100000000)
  region size 1024K, 19 young (19456K), 19 survivors (19456K)
 Metaspace       used 59257K, committed 61120K, reserved 393216K
  class space    used 8344K, committed 9280K, reserved 327680K
}
Event: 10.200 GC heap before
{Heap before GC invocations=11 (full 0):
 garbage-first heap   total 262144K, used 54388K [0x00000000e0000000, 0x0000000100000000)
  region size 1024K, 22 young (22528K), 19 survivors (19456K)
 Metaspace       used 59551K, committed 61440K, reserved 393216K
  class space    used 8391K, committed 9280K, reserved 327680K
}
Event: 10.213 GC heap after
{Heap after GC invocations=12 (full 0):
 garbage-first heap   total 262144K, used 52089K [0x00000000e0000000, 0x0000000100000000)
  region size 1024K, 9 young (9216K), 9 survivors (9216K)
 Metaspace       used 59551K, committed 61440K, reserved 393216K
  class space    used 8391K, committed 9280K, reserved 327680K
}
Event: 12.145 GC heap before
{Heap before GC invocations=13 (full 0):
 garbage-first heap   total 262144K, used 198521K [0x00000000e0000000, 0x0000000100000000)
  region size 1024K, 153 young (156672K), 9 survivors (9216K)
 Metaspace       used 66780K, committed 68992K, reserved 393216K
  class space    used 9421K, committed 10496K, reserved 327680K
}
Event: 12.157 GC heap after
{Heap after GC invocations=14 (full 0):
 garbage-first heap   total 262144K, used 64512K [0x00000000e0000000, 0x0000000100000000)
  region size 1024K, 20 young (20480K), 20 survivors (20480K)
 Metaspace       used 66780K, committed 68992K, reserved 393216K
  class space    used 9421K, committed 10496K, reserved 327680K
}
Event: 625.107 GC heap before
{Heap before GC invocations=14 (full 0):
 garbage-first heap   total 262144K, used 199680K [0x00000000e0000000, 0x0000000100000000)
  region size 1024K, 153 young (156672K), 20 survivors (20480K)
 Metaspace       used 76779K, committed 79104K, reserved 458752K
  class space    used 10627K, committed 11776K, reserved 327680K
}
Event: 625.125 GC heap after
{Heap after GC invocations=15 (full 0):
 garbage-first heap   total 262144K, used 74952K [0x00000000e0000000, 0x0000000100000000)
  region size 1024K, 12 young (12288K), 12 survivors (12288K)
 Metaspace       used 76779K, committed 79104K, reserved 458752K
  class space    used 10627K, committed 11776K, reserved 327680K
}

